C:\USERS\A\DOCUMENTS\GITHUB\VISUALSTUDY\DEBUG\VISUALSTUDY.EXE
C:\USERS\A\DOCUMENTS\GITHUB\VISUALSTUDY\DEBUG\VISUALSTUDY.ILK
C:\USERS\A\DOCUMENTS\GITHUB\VISUALSTUDY\DEBUG\VISUALSTUDY.PDB
C:\Users\a\Documents\GitHub\VisualStudy\Debug\zh\VisualStudy.resources.dll
C:\USERS\A\DOCUMENTS\GITHUB\VISUALSTUDY\VISUALSTUDY\DEBUG\.NETFRAMEWORK,VERSION=V4.0.ASSEMBLYATTRIBUTES.OBJ
C:\USERS\A\DOCUMENTS\GITHUB\VISUALSTUDY\VISUALSTUDY\DEBUG\APP.RES
C:\USERS\A\DOCUMENTS\GITHUB\VISUALSTUDY\VISUALSTUDY\DEBUG\ASSEMBLYINFO.OBJ
C:\USERS\A\DOCUMENTS\GITHUB\VISUALSTUDY\VISUALSTUDY\DEBUG\CAL.OBJ
C:\USERS\A\DOCUMENTS\GITHUB\VISUALSTUDY\VISUALSTUDY\DEBUG\STDAFX.OBJ
C:\USERS\A\DOCUMENTS\GITHUB\VISUALSTUDY\VISUALSTUDY\DEBUG\VC100.PDB
C:\USERS\A\DOCUMENTS\GITHUB\VISUALSTUDY\VISUALSTUDY\DEBUG\VISUALSTUDY.EXE.INTERMEDIATE.MANIFEST
C:\USERS\A\DOCUMENTS\GITHUB\VISUALSTUDY\VISUALSTUDY\DEBUG\VISUALSTUDY.OBJ
C:\USERS\A\DOCUMENTS\GITHUB\VISUALSTUDY\VISUALSTUDY\DEBUG\VISUALSTUDY.PCH
C:\USERS\S\DOCUMENTS\GITHUB\VISUALSTUDY\DEBUG\VISUALSTUDY.EXE
C:\USERS\S\DOCUMENTS\GITHUB\VISUALSTUDY\DEBUG\VISUALSTUDY.ILK
C:\USERS\S\DOCUMENTS\GITHUB\VISUALSTUDY\DEBUG\VISUALSTUDY.PDB
C:\Users\S\Documents\GitHub\VisualStudy\Debug\zh\VisualStudy.resources.dll
C:\USERS\S\DOCUMENTS\GITHUB\VISUALSTUDY\VISUALSTUDY\DEBUG\.NETFRAMEWORK,VERSION=V4.0.ASSEMBLYATTRIBUTES.OBJ
C:\USERS\S\DOCUMENTS\GITHUB\VISUALSTUDY\VISUALSTUDY\DEBUG\APP.RES
C:\USERS\S\DOCUMENTS\GITHUB\VISUALSTUDY\VISUALSTUDY\DEBUG\ASSEMBLYINFO.OBJ
C:\Users\S\Documents\GitHub\VisualStudy\VisualStudy\Debug\Cal.obj
C:\Users\S\Documents\GitHub\VisualStudy\VisualStudy\Debug\cl.command.1.tlog
C:\Users\S\Documents\GitHub\VisualStudy\VisualStudy\Debug\CL.read.1.tlog
C:\Users\S\Documents\GitHub\VisualStudy\VisualStudy\Debug\CL.write.1.tlog
C:\Users\S\Documents\GitHub\VisualStudy\VisualStudy\Debug\link.10080.read.1.tlog
C:\Users\S\Documents\GitHub\VisualStudy\VisualStudy\Debug\link.10080.write.1.tlog
C:\Users\S\Documents\GitHub\VisualStudy\VisualStudy\Debug\link.10080-cvtres.read.1.tlog
C:\Users\S\Documents\GitHub\VisualStudy\VisualStudy\Debug\link.10080-cvtres.write.1.tlog
C:\Users\S\Documents\GitHub\VisualStudy\VisualStudy\Debug\link.10256.read.1.tlog
C:\Users\S\Documents\GitHub\VisualStudy\VisualStudy\Debug\link.10256.write.1.tlog
C:\Users\S\Documents\GitHub\VisualStudy\VisualStudy\Debug\link.10256-cvtres.read.1.tlog
C:\Users\S\Documents\GitHub\VisualStudy\VisualStudy\Debug\link.10256-cvtres.write.1.tlog
C:\Users\S\Documents\GitHub\VisualStudy\VisualStudy\Debug\link.10488.read.1.tlog
C:\Users\S\Documents\GitHub\VisualStudy\VisualStudy\Debug\link.10488.write.1.tlog
C:\Users\S\Documents\GitHub\VisualStudy\VisualStudy\Debug\link.10488-cvtres.read.1.tlog
C:\Users\S\Documents\GitHub\VisualStudy\VisualStudy\Debug\link.10488-cvtres.write.1.tlog
C:\Users\S\Documents\GitHub\VisualStudy\VisualStudy\Debug\link.10500.read.1.tlog
C:\Users\S\Documents\GitHub\VisualStudy\VisualStudy\Debug\link.10500.write.1.tlog
C:\Users\S\Documents\GitHub\VisualStudy\VisualStudy\Debug\link.10500-cvtres.read.1.tlog
C:\Users\S\Documents\GitHub\VisualStudy\VisualStudy\Debug\link.10500-cvtres.write.1.tlog
C:\Users\S\Documents\GitHub\VisualStudy\VisualStudy\Debug\link.10588.read.1.tlog
C:\Users\S\Documents\GitHub\VisualStudy\VisualStudy\Debug\link.10588.write.1.tlog
C:\Users\S\Documents\GitHub\VisualStudy\VisualStudy\Debug\link.10588-cvtres.read.1.tlog
C:\Users\S\Documents\GitHub\VisualStudy\VisualStudy\Debug\link.10588-cvtres.write.1.tlog
C:\Users\S\Documents\GitHub\VisualStudy\VisualStudy\Debug\link.10592.read.1.tlog
C:\Users\S\Documents\GitHub\VisualStudy\VisualStudy\Debug\link.10592.write.1.tlog
C:\Users\S\Documents\GitHub\VisualStudy\VisualStudy\Debug\link.10592-cvtres.read.1.tlog
C:\Users\S\Documents\GitHub\VisualStudy\VisualStudy\Debug\link.10592-cvtres.write.1.tlog
C:\Users\S\Documents\GitHub\VisualStudy\VisualStudy\Debug\link.10608.read.1.tlog
C:\Users\S\Documents\GitHub\VisualStudy\VisualStudy\Debug\link.10608.write.1.tlog
C:\Users\S\Documents\GitHub\VisualStudy\VisualStudy\Debug\link.10608-cvtres.read.1.tlog
C:\Users\S\Documents\GitHub\VisualStudy\VisualStudy\Debug\link.10608-cvtres.write.1.tlog
C:\Users\S\Documents\GitHub\VisualStudy\VisualStudy\Debug\link.10640.read.1.tlog
C:\Users\S\Documents\GitHub\VisualStudy\VisualStudy\Debug\link.10640.write.1.tlog
C:\Users\S\Documents\GitHub\VisualStudy\VisualStudy\Debug\link.10640-cvtres.read.1.tlog
C:\Users\S\Documents\GitHub\VisualStudy\VisualStudy\Debug\link.10640-cvtres.write.1.tlog
C:\Users\S\Documents\GitHub\VisualStudy\VisualStudy\Debug\link.1072.read.1.tlog
C:\Users\S\Documents\GitHub\VisualStudy\VisualStudy\Debug\link.1072.write.1.tlog
C:\Users\S\Documents\GitHub\VisualStudy\VisualStudy\Debug\link.1072-cvtres.read.1.tlog
C:\Users\S\Documents\GitHub\VisualStudy\VisualStudy\Debug\link.1072-cvtres.write.1.tlog
C:\Users\S\Documents\GitHub\VisualStudy\VisualStudy\Debug\link.10848.read.1.tlog
C:\Users\S\Documents\GitHub\VisualStudy\VisualStudy\Debug\link.10848.write.1.tlog
C:\Users\S\Documents\GitHub\VisualStudy\VisualStudy\Debug\link.10848-cvtres.read.1.tlog
C:\Users\S\Documents\GitHub\VisualStudy\VisualStudy\Debug\link.10848-cvtres.write.1.tlog
C:\Users\S\Documents\GitHub\VisualStudy\VisualStudy\Debug\link.10860.read.1.tlog
C:\Users\S\Documents\GitHub\VisualStudy\VisualStudy\Debug\link.10860.write.1.tlog
C:\Users\S\Documents\GitHub\VisualStudy\VisualStudy\Debug\link.10860-cvtres.read.1.tlog
C:\Users\S\Documents\GitHub\VisualStudy\VisualStudy\Debug\link.10860-cvtres.write.1.tlog
C:\Users\S\Documents\GitHub\VisualStudy\VisualStudy\Debug\link.10908.read.1.tlog
C:\Users\S\Documents\GitHub\VisualStudy\VisualStudy\Debug\link.10908.write.1.tlog
C:\Users\S\Documents\GitHub\VisualStudy\VisualStudy\Debug\link.10908-cvtres.read.1.tlog
C:\Users\S\Documents\GitHub\VisualStudy\VisualStudy\Debug\link.10908-cvtres.write.1.tlog
C:\Users\S\Documents\GitHub\VisualStudy\VisualStudy\Debug\link.11092.read.1.tlog
C:\Users\S\Documents\GitHub\VisualStudy\VisualStudy\Debug\link.11092.write.1.tlog
C:\Users\S\Documents\GitHub\VisualStudy\VisualStudy\Debug\link.11092-cvtres.read.1.tlog
C:\Users\S\Documents\GitHub\VisualStudy\VisualStudy\Debug\link.11092-cvtres.write.1.tlog
C:\Users\S\Documents\GitHub\VisualStudy\VisualStudy\Debug\link.11096.read.1.tlog
C:\Users\S\Documents\GitHub\VisualStudy\VisualStudy\Debug\link.11096.write.1.tlog
C:\Users\S\Documents\GitHub\VisualStudy\VisualStudy\Debug\link.11096-cvtres.read.1.tlog
C:\Users\S\Documents\GitHub\VisualStudy\VisualStudy\Debug\link.11096-cvtres.write.1.tlog
C:\Users\S\Documents\GitHub\VisualStudy\VisualStudy\Debug\link.11240.read.1.tlog
C:\Users\S\Documents\GitHub\VisualStudy\VisualStudy\Debug\link.11240.write.1.tlog
C:\Users\S\Documents\GitHub\VisualStudy\VisualStudy\Debug\link.11240-cvtres.read.1.tlog
C:\Users\S\Documents\GitHub\VisualStudy\VisualStudy\Debug\link.11240-cvtres.write.1.tlog
C:\Users\S\Documents\GitHub\VisualStudy\VisualStudy\Debug\link.11396.read.1.tlog
C:\Users\S\Documents\GitHub\VisualStudy\VisualStudy\Debug\link.11396.write.1.tlog
C:\Users\S\Documents\GitHub\VisualStudy\VisualStudy\Debug\link.11396-cvtres.read.1.tlog
C:\Users\S\Documents\GitHub\VisualStudy\VisualStudy\Debug\link.11396-cvtres.write.1.tlog
C:\Users\S\Documents\GitHub\VisualStudy\VisualStudy\Debug\link.11408.read.1.tlog
C:\Users\S\Documents\GitHub\VisualStudy\VisualStudy\Debug\link.11408.write.1.tlog
C:\Users\S\Documents\GitHub\VisualStudy\VisualStudy\Debug\link.11408-cvtres.read.1.tlog
C:\Users\S\Documents\GitHub\VisualStudy\VisualStudy\Debug\link.11408-cvtres.write.1.tlog
C:\Users\S\Documents\GitHub\VisualStudy\VisualStudy\Debug\link.11500.read.1.tlog
C:\Users\S\Documents\GitHub\VisualStudy\VisualStudy\Debug\link.11500.write.1.tlog
C:\Users\S\Documents\GitHub\VisualStudy\VisualStudy\Debug\link.11500-cvtres.read.1.tlog
C:\Users\S\Documents\GitHub\VisualStudy\VisualStudy\Debug\link.11500-cvtres.write.1.tlog
C:\Users\S\Documents\GitHub\VisualStudy\VisualStudy\Debug\link.11508.read.1.tlog
C:\Users\S\Documents\GitHub\VisualStudy\VisualStudy\Debug\link.11508.write.1.tlog
C:\Users\S\Documents\GitHub\VisualStudy\VisualStudy\Debug\link.11508-cvtres.read.1.tlog
C:\Users\S\Documents\GitHub\VisualStudy\VisualStudy\Debug\link.11508-cvtres.write.1.tlog
C:\Users\S\Documents\GitHub\VisualStudy\VisualStudy\Debug\link.11668.read.1.tlog
C:\Users\S\Documents\GitHub\VisualStudy\VisualStudy\Debug\link.11668.write.1.tlog
C:\Users\S\Documents\GitHub\VisualStudy\VisualStudy\Debug\link.11668-cvtres.read.1.tlog
C:\Users\S\Documents\GitHub\VisualStudy\VisualStudy\Debug\link.11668-cvtres.write.1.tlog
C:\Users\S\Documents\GitHub\VisualStudy\VisualStudy\Debug\link.11724.read.1.tlog
C:\Users\S\Documents\GitHub\VisualStudy\VisualStudy\Debug\link.11724.write.1.tlog
C:\Users\S\Documents\GitHub\VisualStudy\VisualStudy\Debug\link.11724-cvtres.read.1.tlog
C:\Users\S\Documents\GitHub\VisualStudy\VisualStudy\Debug\link.11724-cvtres.write.1.tlog
C:\Users\S\Documents\GitHub\VisualStudy\VisualStudy\Debug\link.11820.read.1.tlog
C:\Users\S\Documents\GitHub\VisualStudy\VisualStudy\Debug\link.11820.write.1.tlog
C:\Users\S\Documents\GitHub\VisualStudy\VisualStudy\Debug\link.11820-cvtres.read.1.tlog
C:\Users\S\Documents\GitHub\VisualStudy\VisualStudy\Debug\link.11820-cvtres.write.1.tlog
C:\Users\S\Documents\GitHub\VisualStudy\VisualStudy\Debug\link.11968.read.1.tlog
C:\Users\S\Documents\GitHub\VisualStudy\VisualStudy\Debug\link.11968.write.1.tlog
C:\Users\S\Documents\GitHub\VisualStudy\VisualStudy\Debug\link.11968-cvtres.read.1.tlog
C:\Users\S\Documents\GitHub\VisualStudy\VisualStudy\Debug\link.11968-cvtres.write.1.tlog
C:\Users\S\Documents\GitHub\VisualStudy\VisualStudy\Debug\link.12248.read.1.tlog
C:\Users\S\Documents\GitHub\VisualStudy\VisualStudy\Debug\link.12248.write.1.tlog
C:\Users\S\Documents\GitHub\VisualStudy\VisualStudy\Debug\link.12248-cvtres.read.1.tlog
C:\Users\S\Documents\GitHub\VisualStudy\VisualStudy\Debug\link.12248-cvtres.write.1.tlog
C:\Users\S\Documents\GitHub\VisualStudy\VisualStudy\Debug\link.12496.read.1.tlog
C:\Users\S\Documents\GitHub\VisualStudy\VisualStudy\Debug\link.12496.write.1.tlog
C:\Users\S\Documents\GitHub\VisualStudy\VisualStudy\Debug\link.12496-cvtres.read.1.tlog
C:\Users\S\Documents\GitHub\VisualStudy\VisualStudy\Debug\link.12496-cvtres.write.1.tlog
C:\Users\S\Documents\GitHub\VisualStudy\VisualStudy\Debug\link.12948.read.1.tlog
C:\Users\S\Documents\GitHub\VisualStudy\VisualStudy\Debug\link.12948.write.1.tlog
C:\Users\S\Documents\GitHub\VisualStudy\VisualStudy\Debug\link.12948-cvtres.read.1.tlog
C:\Users\S\Documents\GitHub\VisualStudy\VisualStudy\Debug\link.12948-cvtres.write.1.tlog
C:\Users\S\Documents\GitHub\VisualStudy\VisualStudy\Debug\link.13604.read.1.tlog
C:\Users\S\Documents\GitHub\VisualStudy\VisualStudy\Debug\link.13604.write.1.tlog
C:\Users\S\Documents\GitHub\VisualStudy\VisualStudy\Debug\link.13604-cvtres.read.1.tlog
C:\Users\S\Documents\GitHub\VisualStudy\VisualStudy\Debug\link.13604-cvtres.write.1.tlog
C:\Users\S\Documents\GitHub\VisualStudy\VisualStudy\Debug\link.13640.read.1.tlog
C:\Users\S\Documents\GitHub\VisualStudy\VisualStudy\Debug\link.13640.write.1.tlog
C:\Users\S\Documents\GitHub\VisualStudy\VisualStudy\Debug\link.13640-cvtres.read.1.tlog
C:\Users\S\Documents\GitHub\VisualStudy\VisualStudy\Debug\link.13640-cvtres.write.1.tlog
C:\Users\S\Documents\GitHub\VisualStudy\VisualStudy\Debug\link.13672.read.1.tlog
C:\Users\S\Documents\GitHub\VisualStudy\VisualStudy\Debug\link.13672.write.1.tlog
C:\Users\S\Documents\GitHub\VisualStudy\VisualStudy\Debug\link.13672-cvtres.read.1.tlog
C:\Users\S\Documents\GitHub\VisualStudy\VisualStudy\Debug\link.13672-cvtres.write.1.tlog
C:\Users\S\Documents\GitHub\VisualStudy\VisualStudy\Debug\link.14048.read.1.tlog
C:\Users\S\Documents\GitHub\VisualStudy\VisualStudy\Debug\link.14048.write.1.tlog
C:\Users\S\Documents\GitHub\VisualStudy\VisualStudy\Debug\link.14048-cvtres.read.1.tlog
C:\Users\S\Documents\GitHub\VisualStudy\VisualStudy\Debug\link.14048-cvtres.write.1.tlog
C:\Users\S\Documents\GitHub\VisualStudy\VisualStudy\Debug\link.1500.read.1.tlog
C:\Users\S\Documents\GitHub\VisualStudy\VisualStudy\Debug\link.1500.write.1.tlog
C:\Users\S\Documents\GitHub\VisualStudy\VisualStudy\Debug\link.1500-cvtres.read.1.tlog
C:\Users\S\Documents\GitHub\VisualStudy\VisualStudy\Debug\link.1500-cvtres.write.1.tlog
C:\Users\S\Documents\GitHub\VisualStudy\VisualStudy\Debug\link.1508.read.1.tlog
C:\Users\S\Documents\GitHub\VisualStudy\VisualStudy\Debug\link.1508.write.1.tlog
C:\Users\S\Documents\GitHub\VisualStudy\VisualStudy\Debug\link.1508-cvtres.read.1.tlog
C:\Users\S\Documents\GitHub\VisualStudy\VisualStudy\Debug\link.1508-cvtres.write.1.tlog
C:\Users\S\Documents\GitHub\VisualStudy\VisualStudy\Debug\link.1576.read.1.tlog
C:\Users\S\Documents\GitHub\VisualStudy\VisualStudy\Debug\link.1576.write.1.tlog
C:\Users\S\Documents\GitHub\VisualStudy\VisualStudy\Debug\link.1576-cvtres.read.1.tlog
C:\Users\S\Documents\GitHub\VisualStudy\VisualStudy\Debug\link.1576-cvtres.write.1.tlog
C:\Users\S\Documents\GitHub\VisualStudy\VisualStudy\Debug\link.1616.read.1.tlog
C:\Users\S\Documents\GitHub\VisualStudy\VisualStudy\Debug\link.1616.write.1.tlog
C:\Users\S\Documents\GitHub\VisualStudy\VisualStudy\Debug\link.1616-cvtres.read.1.tlog
C:\Users\S\Documents\GitHub\VisualStudy\VisualStudy\Debug\link.1616-cvtres.write.1.tlog
C:\Users\S\Documents\GitHub\VisualStudy\VisualStudy\Debug\link.1704.read.1.tlog
C:\Users\S\Documents\GitHub\VisualStudy\VisualStudy\Debug\link.1704.write.1.tlog
C:\Users\S\Documents\GitHub\VisualStudy\VisualStudy\Debug\link.1704-cvtres.read.1.tlog
C:\Users\S\Documents\GitHub\VisualStudy\VisualStudy\Debug\link.1704-cvtres.write.1.tlog
C:\Users\S\Documents\GitHub\VisualStudy\VisualStudy\Debug\link.1780.read.1.tlog
C:\Users\S\Documents\GitHub\VisualStudy\VisualStudy\Debug\link.1780.write.1.tlog
C:\Users\S\Documents\GitHub\VisualStudy\VisualStudy\Debug\link.1780-cvtres.read.1.tlog
C:\Users\S\Documents\GitHub\VisualStudy\VisualStudy\Debug\link.1780-cvtres.write.1.tlog
C:\Users\S\Documents\GitHub\VisualStudy\VisualStudy\Debug\link.2468.read.1.tlog
C:\Users\S\Documents\GitHub\VisualStudy\VisualStudy\Debug\link.2468.write.1.tlog
C:\Users\S\Documents\GitHub\VisualStudy\VisualStudy\Debug\link.2468-cvtres.read.1.tlog
C:\Users\S\Documents\GitHub\VisualStudy\VisualStudy\Debug\link.2468-cvtres.write.1.tlog
C:\Users\S\Documents\GitHub\VisualStudy\VisualStudy\Debug\link.2572.read.1.tlog
C:\Users\S\Documents\GitHub\VisualStudy\VisualStudy\Debug\link.2572.write.1.tlog
C:\Users\S\Documents\GitHub\VisualStudy\VisualStudy\Debug\link.2572-cvtres.read.1.tlog
C:\Users\S\Documents\GitHub\VisualStudy\VisualStudy\Debug\link.2572-cvtres.write.1.tlog
C:\Users\S\Documents\GitHub\VisualStudy\VisualStudy\Debug\link.2804.read.1.tlog
C:\Users\S\Documents\GitHub\VisualStudy\VisualStudy\Debug\link.2804.write.1.tlog
C:\Users\S\Documents\GitHub\VisualStudy\VisualStudy\Debug\link.2804-cvtres.read.1.tlog
C:\Users\S\Documents\GitHub\VisualStudy\VisualStudy\Debug\link.2804-cvtres.write.1.tlog
C:\Users\S\Documents\GitHub\VisualStudy\VisualStudy\Debug\link.2844.read.1.tlog
C:\Users\S\Documents\GitHub\VisualStudy\VisualStudy\Debug\link.2844.write.1.tlog
C:\Users\S\Documents\GitHub\VisualStudy\VisualStudy\Debug\link.2844-cvtres.read.1.tlog
C:\Users\S\Documents\GitHub\VisualStudy\VisualStudy\Debug\link.2844-cvtres.write.1.tlog
C:\Users\S\Documents\GitHub\VisualStudy\VisualStudy\Debug\link.2856.read.1.tlog
C:\Users\S\Documents\GitHub\VisualStudy\VisualStudy\Debug\link.2856.write.1.tlog
C:\Users\S\Documents\GitHub\VisualStudy\VisualStudy\Debug\link.2856-cvtres.read.1.tlog
C:\Users\S\Documents\GitHub\VisualStudy\VisualStudy\Debug\link.2856-cvtres.write.1.tlog
C:\Users\S\Documents\GitHub\VisualStudy\VisualStudy\Debug\link.2892.read.1.tlog
C:\Users\S\Documents\GitHub\VisualStudy\VisualStudy\Debug\link.2892.write.1.tlog
C:\Users\S\Documents\GitHub\VisualStudy\VisualStudy\Debug\link.2892-cvtres.read.1.tlog
C:\Users\S\Documents\GitHub\VisualStudy\VisualStudy\Debug\link.2892-cvtres.write.1.tlog
C:\Users\S\Documents\GitHub\VisualStudy\VisualStudy\Debug\link.3036.read.1.tlog
C:\Users\S\Documents\GitHub\VisualStudy\VisualStudy\Debug\link.3036.write.1.tlog
C:\Users\S\Documents\GitHub\VisualStudy\VisualStudy\Debug\link.3036-cvtres.read.1.tlog
C:\Users\S\Documents\GitHub\VisualStudy\VisualStudy\Debug\link.3036-cvtres.write.1.tlog
C:\Users\S\Documents\GitHub\VisualStudy\VisualStudy\Debug\link.3152.read.1.tlog
C:\Users\S\Documents\GitHub\VisualStudy\VisualStudy\Debug\link.3152.write.1.tlog
C:\Users\S\Documents\GitHub\VisualStudy\VisualStudy\Debug\link.3152-cvtres.read.1.tlog
C:\Users\S\Documents\GitHub\VisualStudy\VisualStudy\Debug\link.3152-cvtres.write.1.tlog
C:\Users\S\Documents\GitHub\VisualStudy\VisualStudy\Debug\link.3264.read.1.tlog
C:\Users\S\Documents\GitHub\VisualStudy\VisualStudy\Debug\link.3264.write.1.tlog
C:\Users\S\Documents\GitHub\VisualStudy\VisualStudy\Debug\link.3264-cvtres.read.1.tlog
C:\Users\S\Documents\GitHub\VisualStudy\VisualStudy\Debug\link.3264-cvtres.write.1.tlog
C:\Users\S\Documents\GitHub\VisualStudy\VisualStudy\Debug\link.3344.read.1.tlog
C:\Users\S\Documents\GitHub\VisualStudy\VisualStudy\Debug\link.3344.write.1.tlog
C:\Users\S\Documents\GitHub\VisualStudy\VisualStudy\Debug\link.3344-cvtres.read.1.tlog
C:\Users\S\Documents\GitHub\VisualStudy\VisualStudy\Debug\link.3344-cvtres.write.1.tlog
C:\Users\S\Documents\GitHub\VisualStudy\VisualStudy\Debug\link.3428.read.1.tlog
C:\Users\S\Documents\GitHub\VisualStudy\VisualStudy\Debug\link.3428.write.1.tlog
C:\Users\S\Documents\GitHub\VisualStudy\VisualStudy\Debug\link.3428-cvtres.read.1.tlog
C:\Users\S\Documents\GitHub\VisualStudy\VisualStudy\Debug\link.3428-cvtres.write.1.tlog
C:\Users\S\Documents\GitHub\VisualStudy\VisualStudy\Debug\link.3620.read.1.tlog
C:\Users\S\Documents\GitHub\VisualStudy\VisualStudy\Debug\link.3620.write.1.tlog
C:\Users\S\Documents\GitHub\VisualStudy\VisualStudy\Debug\link.3620-cvtres.read.1.tlog
C:\Users\S\Documents\GitHub\VisualStudy\VisualStudy\Debug\link.3620-cvtres.write.1.tlog
C:\Users\S\Documents\GitHub\VisualStudy\VisualStudy\Debug\link.3900.read.1.tlog
C:\Users\S\Documents\GitHub\VisualStudy\VisualStudy\Debug\link.3900.write.1.tlog
C:\Users\S\Documents\GitHub\VisualStudy\VisualStudy\Debug\link.3900-cvtres.read.1.tlog
C:\Users\S\Documents\GitHub\VisualStudy\VisualStudy\Debug\link.3900-cvtres.write.1.tlog
C:\Users\S\Documents\GitHub\VisualStudy\VisualStudy\Debug\link.5000.read.1.tlog
C:\Users\S\Documents\GitHub\VisualStudy\VisualStudy\Debug\link.5000.write.1.tlog
C:\Users\S\Documents\GitHub\VisualStudy\VisualStudy\Debug\link.5000-cvtres.read.1.tlog
C:\Users\S\Documents\GitHub\VisualStudy\VisualStudy\Debug\link.5000-cvtres.write.1.tlog
C:\Users\S\Documents\GitHub\VisualStudy\VisualStudy\Debug\link.5020.read.1.tlog
C:\Users\S\Documents\GitHub\VisualStudy\VisualStudy\Debug\link.5020.write.1.tlog
C:\Users\S\Documents\GitHub\VisualStudy\VisualStudy\Debug\link.5020-cvtres.read.1.tlog
C:\Users\S\Documents\GitHub\VisualStudy\VisualStudy\Debug\link.5020-cvtres.write.1.tlog
C:\Users\S\Documents\GitHub\VisualStudy\VisualStudy\Debug\link.5224.read.1.tlog
C:\Users\S\Documents\GitHub\VisualStudy\VisualStudy\Debug\link.5224.write.1.tlog
C:\Users\S\Documents\GitHub\VisualStudy\VisualStudy\Debug\link.5224-cvtres.read.1.tlog
C:\Users\S\Documents\GitHub\VisualStudy\VisualStudy\Debug\link.5224-cvtres.write.1.tlog
C:\Users\S\Documents\GitHub\VisualStudy\VisualStudy\Debug\link.5244.read.1.tlog
C:\Users\S\Documents\GitHub\VisualStudy\VisualStudy\Debug\link.5244.write.1.tlog
C:\Users\S\Documents\GitHub\VisualStudy\VisualStudy\Debug\link.5244-cvtres.read.1.tlog
C:\Users\S\Documents\GitHub\VisualStudy\VisualStudy\Debug\link.5244-cvtres.write.1.tlog
C:\Users\S\Documents\GitHub\VisualStudy\VisualStudy\Debug\link.5352.read.1.tlog
C:\Users\S\Documents\GitHub\VisualStudy\VisualStudy\Debug\link.5352.write.1.tlog
C:\Users\S\Documents\GitHub\VisualStudy\VisualStudy\Debug\link.5352-cvtres.read.1.tlog
C:\Users\S\Documents\GitHub\VisualStudy\VisualStudy\Debug\link.5352-cvtres.write.1.tlog
C:\Users\S\Documents\GitHub\VisualStudy\VisualStudy\Debug\link.5368.read.1.tlog
C:\Users\S\Documents\GitHub\VisualStudy\VisualStudy\Debug\link.5368.write.1.tlog
C:\Users\S\Documents\GitHub\VisualStudy\VisualStudy\Debug\link.5368-cvtres.read.1.tlog
C:\Users\S\Documents\GitHub\VisualStudy\VisualStudy\Debug\link.5368-cvtres.write.1.tlog
C:\Users\S\Documents\GitHub\VisualStudy\VisualStudy\Debug\link.5472.read.1.tlog
C:\Users\S\Documents\GitHub\VisualStudy\VisualStudy\Debug\link.5472.write.1.tlog
C:\Users\S\Documents\GitHub\VisualStudy\VisualStudy\Debug\link.5472-cvtres.read.1.tlog
C:\Users\S\Documents\GitHub\VisualStudy\VisualStudy\Debug\link.5472-cvtres.write.1.tlog
C:\Users\S\Documents\GitHub\VisualStudy\VisualStudy\Debug\link.5552.read.1.tlog
C:\Users\S\Documents\GitHub\VisualStudy\VisualStudy\Debug\link.5552.write.1.tlog
C:\Users\S\Documents\GitHub\VisualStudy\VisualStudy\Debug\link.5552-cvtres.read.1.tlog
C:\Users\S\Documents\GitHub\VisualStudy\VisualStudy\Debug\link.5552-cvtres.write.1.tlog
C:\Users\S\Documents\GitHub\VisualStudy\VisualStudy\Debug\link.5564.read.1.tlog
C:\Users\S\Documents\GitHub\VisualStudy\VisualStudy\Debug\link.5564.write.1.tlog
C:\Users\S\Documents\GitHub\VisualStudy\VisualStudy\Debug\link.5564-cvtres.read.1.tlog
C:\Users\S\Documents\GitHub\VisualStudy\VisualStudy\Debug\link.5564-cvtres.write.1.tlog
C:\Users\S\Documents\GitHub\VisualStudy\VisualStudy\Debug\link.5676.read.1.tlog
C:\Users\S\Documents\GitHub\VisualStudy\VisualStudy\Debug\link.5676.write.1.tlog
C:\Users\S\Documents\GitHub\VisualStudy\VisualStudy\Debug\link.5676-cvtres.read.1.tlog
C:\Users\S\Documents\GitHub\VisualStudy\VisualStudy\Debug\link.5676-cvtres.write.1.tlog
C:\Users\S\Documents\GitHub\VisualStudy\VisualStudy\Debug\link.5752.read.1.tlog
C:\Users\S\Documents\GitHub\VisualStudy\VisualStudy\Debug\link.5752.write.1.tlog
C:\Users\S\Documents\GitHub\VisualStudy\VisualStudy\Debug\link.5752-cvtres.read.1.tlog
C:\Users\S\Documents\GitHub\VisualStudy\VisualStudy\Debug\link.5752-cvtres.write.1.tlog
C:\Users\S\Documents\GitHub\VisualStudy\VisualStudy\Debug\link.6124.read.1.tlog
C:\Users\S\Documents\GitHub\VisualStudy\VisualStudy\Debug\link.6124.write.1.tlog
C:\Users\S\Documents\GitHub\VisualStudy\VisualStudy\Debug\link.6124-cvtres.read.1.tlog
C:\Users\S\Documents\GitHub\VisualStudy\VisualStudy\Debug\link.6124-cvtres.write.1.tlog
C:\Users\S\Documents\GitHub\VisualStudy\VisualStudy\Debug\link.6232.read.1.tlog
C:\Users\S\Documents\GitHub\VisualStudy\VisualStudy\Debug\link.6232.write.1.tlog
C:\Users\S\Documents\GitHub\VisualStudy\VisualStudy\Debug\link.6232-cvtres.read.1.tlog
C:\Users\S\Documents\GitHub\VisualStudy\VisualStudy\Debug\link.6232-cvtres.write.1.tlog
C:\Users\S\Documents\GitHub\VisualStudy\VisualStudy\Debug\link.6256.read.1.tlog
C:\Users\S\Documents\GitHub\VisualStudy\VisualStudy\Debug\link.6256.write.1.tlog
C:\Users\S\Documents\GitHub\VisualStudy\VisualStudy\Debug\link.6256-cvtres.read.1.tlog
C:\Users\S\Documents\GitHub\VisualStudy\VisualStudy\Debug\link.6256-cvtres.write.1.tlog
C:\Users\S\Documents\GitHub\VisualStudy\VisualStudy\Debug\link.6616.read.1.tlog
C:\Users\S\Documents\GitHub\VisualStudy\VisualStudy\Debug\link.6616.write.1.tlog
C:\Users\S\Documents\GitHub\VisualStudy\VisualStudy\Debug\link.6616-cvtres.read.1.tlog
C:\Users\S\Documents\GitHub\VisualStudy\VisualStudy\Debug\link.6616-cvtres.write.1.tlog
C:\Users\S\Documents\GitHub\VisualStudy\VisualStudy\Debug\link.6696.read.1.tlog
C:\Users\S\Documents\GitHub\VisualStudy\VisualStudy\Debug\link.6696.write.1.tlog
C:\Users\S\Documents\GitHub\VisualStudy\VisualStudy\Debug\link.6696-cvtres.read.1.tlog
C:\Users\S\Documents\GitHub\VisualStudy\VisualStudy\Debug\link.6696-cvtres.write.1.tlog
C:\Users\S\Documents\GitHub\VisualStudy\VisualStudy\Debug\link.6804.read.1.tlog
C:\Users\S\Documents\GitHub\VisualStudy\VisualStudy\Debug\link.6804.write.1.tlog
C:\Users\S\Documents\GitHub\VisualStudy\VisualStudy\Debug\link.6804-cvtres.read.1.tlog
C:\Users\S\Documents\GitHub\VisualStudy\VisualStudy\Debug\link.6804-cvtres.write.1.tlog
C:\Users\S\Documents\GitHub\VisualStudy\VisualStudy\Debug\link.6884.read.1.tlog
C:\Users\S\Documents\GitHub\VisualStudy\VisualStudy\Debug\link.6884.write.1.tlog
C:\Users\S\Documents\GitHub\VisualStudy\VisualStudy\Debug\link.6884-cvtres.read.1.tlog
C:\Users\S\Documents\GitHub\VisualStudy\VisualStudy\Debug\link.6884-cvtres.write.1.tlog
C:\Users\S\Documents\GitHub\VisualStudy\VisualStudy\Debug\link.6916.read.1.tlog
C:\Users\S\Documents\GitHub\VisualStudy\VisualStudy\Debug\link.6916.write.1.tlog
C:\Users\S\Documents\GitHub\VisualStudy\VisualStudy\Debug\link.6916-cvtres.read.1.tlog
C:\Users\S\Documents\GitHub\VisualStudy\VisualStudy\Debug\link.6916-cvtres.write.1.tlog
C:\Users\S\Documents\GitHub\VisualStudy\VisualStudy\Debug\link.7016.read.1.tlog
C:\Users\S\Documents\GitHub\VisualStudy\VisualStudy\Debug\link.7016.write.1.tlog
C:\Users\S\Documents\GitHub\VisualStudy\VisualStudy\Debug\link.7016-cvtres.read.1.tlog
C:\Users\S\Documents\GitHub\VisualStudy\VisualStudy\Debug\link.7016-cvtres.write.1.tlog
C:\Users\S\Documents\GitHub\VisualStudy\VisualStudy\Debug\link.7036.read.1.tlog
C:\Users\S\Documents\GitHub\VisualStudy\VisualStudy\Debug\link.7036.write.1.tlog
C:\Users\S\Documents\GitHub\VisualStudy\VisualStudy\Debug\link.7036-cvtres.read.1.tlog
C:\Users\S\Documents\GitHub\VisualStudy\VisualStudy\Debug\link.7036-cvtres.write.1.tlog
C:\Users\S\Documents\GitHub\VisualStudy\VisualStudy\Debug\link.7544.read.1.tlog
C:\Users\S\Documents\GitHub\VisualStudy\VisualStudy\Debug\link.7544.write.1.tlog
C:\Users\S\Documents\GitHub\VisualStudy\VisualStudy\Debug\link.7544-cvtres.read.1.tlog
C:\Users\S\Documents\GitHub\VisualStudy\VisualStudy\Debug\link.7544-cvtres.write.1.tlog
C:\Users\S\Documents\GitHub\VisualStudy\VisualStudy\Debug\link.7576.read.1.tlog
C:\Users\S\Documents\GitHub\VisualStudy\VisualStudy\Debug\link.7576.write.1.tlog
C:\Users\S\Documents\GitHub\VisualStudy\VisualStudy\Debug\link.7576-cvtres.read.1.tlog
C:\Users\S\Documents\GitHub\VisualStudy\VisualStudy\Debug\link.7576-cvtres.write.1.tlog
C:\Users\S\Documents\GitHub\VisualStudy\VisualStudy\Debug\link.76.read.1.tlog
C:\Users\S\Documents\GitHub\VisualStudy\VisualStudy\Debug\link.76.write.1.tlog
C:\Users\S\Documents\GitHub\VisualStudy\VisualStudy\Debug\link.76-cvtres.read.1.tlog
C:\Users\S\Documents\GitHub\VisualStudy\VisualStudy\Debug\link.76-cvtres.write.1.tlog
C:\Users\S\Documents\GitHub\VisualStudy\VisualStudy\Debug\link.7796.read.1.tlog
C:\Users\S\Documents\GitHub\VisualStudy\VisualStudy\Debug\link.7796.write.1.tlog
C:\Users\S\Documents\GitHub\VisualStudy\VisualStudy\Debug\link.7796-cvtres.read.1.tlog
C:\Users\S\Documents\GitHub\VisualStudy\VisualStudy\Debug\link.7796-cvtres.write.1.tlog
C:\Users\S\Documents\GitHub\VisualStudy\VisualStudy\Debug\link.7900.read.1.tlog
C:\Users\S\Documents\GitHub\VisualStudy\VisualStudy\Debug\link.7900.write.1.tlog
C:\Users\S\Documents\GitHub\VisualStudy\VisualStudy\Debug\link.7900-cvtres.read.1.tlog
C:\Users\S\Documents\GitHub\VisualStudy\VisualStudy\Debug\link.7900-cvtres.write.1.tlog
C:\Users\S\Documents\GitHub\VisualStudy\VisualStudy\Debug\link.7952.read.1.tlog
C:\Users\S\Documents\GitHub\VisualStudy\VisualStudy\Debug\link.7952.write.1.tlog
C:\Users\S\Documents\GitHub\VisualStudy\VisualStudy\Debug\link.7952-cvtres.read.1.tlog
C:\Users\S\Documents\GitHub\VisualStudy\VisualStudy\Debug\link.7952-cvtres.write.1.tlog
C:\Users\S\Documents\GitHub\VisualStudy\VisualStudy\Debug\link.7968.read.1.tlog
C:\Users\S\Documents\GitHub\VisualStudy\VisualStudy\Debug\link.7968.write.1.tlog
C:\Users\S\Documents\GitHub\VisualStudy\VisualStudy\Debug\link.7968-cvtres.read.1.tlog
C:\Users\S\Documents\GitHub\VisualStudy\VisualStudy\Debug\link.7968-cvtres.write.1.tlog
C:\Users\S\Documents\GitHub\VisualStudy\VisualStudy\Debug\link.7984.read.1.tlog
C:\Users\S\Documents\GitHub\VisualStudy\VisualStudy\Debug\link.7984.write.1.tlog
C:\Users\S\Documents\GitHub\VisualStudy\VisualStudy\Debug\link.7984-cvtres.read.1.tlog
C:\Users\S\Documents\GitHub\VisualStudy\VisualStudy\Debug\link.7984-cvtres.write.1.tlog
C:\Users\S\Documents\GitHub\VisualStudy\VisualStudy\Debug\link.8112.read.1.tlog
C:\Users\S\Documents\GitHub\VisualStudy\VisualStudy\Debug\link.8112.write.1.tlog
C:\Users\S\Documents\GitHub\VisualStudy\VisualStudy\Debug\link.8112-cvtres.read.1.tlog
C:\Users\S\Documents\GitHub\VisualStudy\VisualStudy\Debug\link.8112-cvtres.write.1.tlog
C:\Users\S\Documents\GitHub\VisualStudy\VisualStudy\Debug\link.8168.read.1.tlog
C:\Users\S\Documents\GitHub\VisualStudy\VisualStudy\Debug\link.8168.write.1.tlog
C:\Users\S\Documents\GitHub\VisualStudy\VisualStudy\Debug\link.8168-cvtres.read.1.tlog
C:\Users\S\Documents\GitHub\VisualStudy\VisualStudy\Debug\link.8168-cvtres.write.1.tlog
C:\Users\S\Documents\GitHub\VisualStudy\VisualStudy\Debug\link.8200.read.1.tlog
C:\Users\S\Documents\GitHub\VisualStudy\VisualStudy\Debug\link.8200.write.1.tlog
C:\Users\S\Documents\GitHub\VisualStudy\VisualStudy\Debug\link.8200-cvtres.read.1.tlog
C:\Users\S\Documents\GitHub\VisualStudy\VisualStudy\Debug\link.8200-cvtres.write.1.tlog
C:\Users\S\Documents\GitHub\VisualStudy\VisualStudy\Debug\link.8360.read.1.tlog
C:\Users\S\Documents\GitHub\VisualStudy\VisualStudy\Debug\link.8360.write.1.tlog
C:\Users\S\Documents\GitHub\VisualStudy\VisualStudy\Debug\link.8360-cvtres.read.1.tlog
C:\Users\S\Documents\GitHub\VisualStudy\VisualStudy\Debug\link.8360-cvtres.write.1.tlog
C:\Users\S\Documents\GitHub\VisualStudy\VisualStudy\Debug\link.8400.read.1.tlog
C:\Users\S\Documents\GitHub\VisualStudy\VisualStudy\Debug\link.8400.write.1.tlog
C:\Users\S\Documents\GitHub\VisualStudy\VisualStudy\Debug\link.8400-cvtres.read.1.tlog
C:\Users\S\Documents\GitHub\VisualStudy\VisualStudy\Debug\link.8400-cvtres.write.1.tlog
C:\Users\S\Documents\GitHub\VisualStudy\VisualStudy\Debug\link.8428.read.1.tlog
C:\Users\S\Documents\GitHub\VisualStudy\VisualStudy\Debug\link.8428.write.1.tlog
C:\Users\S\Documents\GitHub\VisualStudy\VisualStudy\Debug\link.8428-cvtres.read.1.tlog
C:\Users\S\Documents\GitHub\VisualStudy\VisualStudy\Debug\link.8428-cvtres.write.1.tlog
C:\Users\S\Documents\GitHub\VisualStudy\VisualStudy\Debug\link.8656.read.1.tlog
C:\Users\S\Documents\GitHub\VisualStudy\VisualStudy\Debug\link.8656.write.1.tlog
C:\Users\S\Documents\GitHub\VisualStudy\VisualStudy\Debug\link.8656-cvtres.read.1.tlog
C:\Users\S\Documents\GitHub\VisualStudy\VisualStudy\Debug\link.8656-cvtres.write.1.tlog
C:\Users\S\Documents\GitHub\VisualStudy\VisualStudy\Debug\link.8756.read.1.tlog
C:\Users\S\Documents\GitHub\VisualStudy\VisualStudy\Debug\link.8756.write.1.tlog
C:\Users\S\Documents\GitHub\VisualStudy\VisualStudy\Debug\link.8756-cvtres.read.1.tlog
C:\Users\S\Documents\GitHub\VisualStudy\VisualStudy\Debug\link.8756-cvtres.write.1.tlog
C:\Users\S\Documents\GitHub\VisualStudy\VisualStudy\Debug\link.8924.read.1.tlog
C:\Users\S\Documents\GitHub\VisualStudy\VisualStudy\Debug\link.8924.write.1.tlog
C:\Users\S\Documents\GitHub\VisualStudy\VisualStudy\Debug\link.8924-cvtres.read.1.tlog
C:\Users\S\Documents\GitHub\VisualStudy\VisualStudy\Debug\link.8924-cvtres.write.1.tlog
C:\Users\S\Documents\GitHub\VisualStudy\VisualStudy\Debug\link.8928.read.1.tlog
C:\Users\S\Documents\GitHub\VisualStudy\VisualStudy\Debug\link.8928.write.1.tlog
C:\Users\S\Documents\GitHub\VisualStudy\VisualStudy\Debug\link.8928-cvtres.read.1.tlog
C:\Users\S\Documents\GitHub\VisualStudy\VisualStudy\Debug\link.8928-cvtres.write.1.tlog
C:\Users\S\Documents\GitHub\VisualStudy\VisualStudy\Debug\link.8936.read.1.tlog
C:\Users\S\Documents\GitHub\VisualStudy\VisualStudy\Debug\link.8936.write.1.tlog
C:\Users\S\Documents\GitHub\VisualStudy\VisualStudy\Debug\link.8936-cvtres.read.1.tlog
C:\Users\S\Documents\GitHub\VisualStudy\VisualStudy\Debug\link.8936-cvtres.write.1.tlog
C:\Users\S\Documents\GitHub\VisualStudy\VisualStudy\Debug\link.8956.read.1.tlog
C:\Users\S\Documents\GitHub\VisualStudy\VisualStudy\Debug\link.8956.write.1.tlog
C:\Users\S\Documents\GitHub\VisualStudy\VisualStudy\Debug\link.8956-cvtres.read.1.tlog
C:\Users\S\Documents\GitHub\VisualStudy\VisualStudy\Debug\link.8956-cvtres.write.1.tlog
C:\Users\S\Documents\GitHub\VisualStudy\VisualStudy\Debug\link.8996.read.1.tlog
C:\Users\S\Documents\GitHub\VisualStudy\VisualStudy\Debug\link.8996.write.1.tlog
C:\Users\S\Documents\GitHub\VisualStudy\VisualStudy\Debug\link.8996-cvtres.read.1.tlog
C:\Users\S\Documents\GitHub\VisualStudy\VisualStudy\Debug\link.8996-cvtres.write.1.tlog
C:\Users\S\Documents\GitHub\VisualStudy\VisualStudy\Debug\link.9076.read.1.tlog
C:\Users\S\Documents\GitHub\VisualStudy\VisualStudy\Debug\link.9076.write.1.tlog
C:\Users\S\Documents\GitHub\VisualStudy\VisualStudy\Debug\link.9076-cvtres.read.1.tlog
C:\Users\S\Documents\GitHub\VisualStudy\VisualStudy\Debug\link.9076-cvtres.write.1.tlog
C:\Users\S\Documents\GitHub\VisualStudy\VisualStudy\Debug\link.9260.read.1.tlog
C:\Users\S\Documents\GitHub\VisualStudy\VisualStudy\Debug\link.9260.write.1.tlog
C:\Users\S\Documents\GitHub\VisualStudy\VisualStudy\Debug\link.9260-cvtres.read.1.tlog
C:\Users\S\Documents\GitHub\VisualStudy\VisualStudy\Debug\link.9260-cvtres.write.1.tlog
C:\Users\S\Documents\GitHub\VisualStudy\VisualStudy\Debug\link.9272.read.1.tlog
C:\Users\S\Documents\GitHub\VisualStudy\VisualStudy\Debug\link.9272.write.1.tlog
C:\Users\S\Documents\GitHub\VisualStudy\VisualStudy\Debug\link.9272-cvtres.read.1.tlog
C:\Users\S\Documents\GitHub\VisualStudy\VisualStudy\Debug\link.9272-cvtres.write.1.tlog
C:\Users\S\Documents\GitHub\VisualStudy\VisualStudy\Debug\link.9376.read.1.tlog
C:\Users\S\Documents\GitHub\VisualStudy\VisualStudy\Debug\link.9376.write.1.tlog
C:\Users\S\Documents\GitHub\VisualStudy\VisualStudy\Debug\link.9376-cvtres.read.1.tlog
C:\Users\S\Documents\GitHub\VisualStudy\VisualStudy\Debug\link.9376-cvtres.write.1.tlog
C:\Users\S\Documents\GitHub\VisualStudy\VisualStudy\Debug\link.9484.read.1.tlog
C:\Users\S\Documents\GitHub\VisualStudy\VisualStudy\Debug\link.9484.write.1.tlog
C:\Users\S\Documents\GitHub\VisualStudy\VisualStudy\Debug\link.9484-cvtres.read.1.tlog
C:\Users\S\Documents\GitHub\VisualStudy\VisualStudy\Debug\link.9484-cvtres.write.1.tlog
C:\Users\S\Documents\GitHub\VisualStudy\VisualStudy\Debug\link.9664.read.1.tlog
C:\Users\S\Documents\GitHub\VisualStudy\VisualStudy\Debug\link.9664.write.1.tlog
C:\Users\S\Documents\GitHub\VisualStudy\VisualStudy\Debug\link.9664-cvtres.read.1.tlog
C:\Users\S\Documents\GitHub\VisualStudy\VisualStudy\Debug\link.9664-cvtres.write.1.tlog
C:\Users\S\Documents\GitHub\VisualStudy\VisualStudy\Debug\link.command.1.tlog
C:\Users\S\Documents\GitHub\VisualStudy\VisualStudy\Debug\link.read.1.tlog
C:\Users\S\Documents\GitHub\VisualStudy\VisualStudy\Debug\link.write.1.tlog
C:\Users\S\Documents\GitHub\VisualStudy\VisualStudy\Debug\mt.command.1.tlog
C:\Users\S\Documents\GitHub\VisualStudy\VisualStudy\Debug\mt.read.1.tlog
C:\Users\S\Documents\GitHub\VisualStudy\VisualStudy\Debug\mt.write.1.tlog
C:\Users\S\Documents\GitHub\VisualStudy\VisualStudy\Debug\rc.command.1.tlog
C:\Users\S\Documents\GitHub\VisualStudy\VisualStudy\Debug\rc.read.1.tlog
C:\Users\S\Documents\GitHub\VisualStudy\VisualStudy\Debug\rc.write.1.tlog
C:\USERS\S\DOCUMENTS\GITHUB\VISUALSTUDY\VISUALSTUDY\DEBUG\STDAFX.OBJ
C:\USERS\S\DOCUMENTS\GITHUB\VISUALSTUDY\VISUALSTUDY\DEBUG\VC100.PDB
C:\USERS\S\DOCUMENTS\GITHUB\VISUALSTUDY\VISUALSTUDY\DEBUG\VISUALSTUDY.EXE.INTERMEDIATE.MANIFEST
C:\Users\S\Documents\GitHub\VisualStudy\VisualStudy\Debug\VisualStudy.Form1.resources
C:\Users\S\Documents\GitHub\VisualStudy\VisualStudy\Debug\VisualStudy.Form1.zh.resources
C:\USERS\S\DOCUMENTS\GITHUB\VISUALSTUDY\VISUALSTUDY\DEBUG\VISUALSTUDY.OBJ
C:\USERS\S\DOCUMENTS\GITHUB\VISUALSTUDY\VISUALSTUDY\DEBUG\VISUALSTUDY.PCH
C:\Users\S\Documents\GitHub\VisualStudy\VisualStudy\Debug\VisualStudy.vcxproj.GenerateResource.Cache
C:\Users\S\Documents\GitHub\VisualStudy\VisualStudy\Debug\VisualStudy.vcxprojResolveAssemblyReference.cache
C:\Users\S\Documents\GitHub\VisualStudy\VisualStudy\Debug\VisualStudy.write.1.tlog
