生成启动时间为 2017/7/26 16:36:46。
     1>项目“C:\Users\a\Documents\GitHub\VisualStudy\VisualStudy\VisualStudy.vcxproj”在节点 2 上(build 个目标)。
     1>InitializeBuildStatus:
         正在创建“Debug\VisualStudy.unsuccessfulbuild”，因为已指定“AlwaysCreate”。
       GenerateTargetFrameworkMonikerAttribute:
       正在跳过目标“GenerateTargetFrameworkMonikerAttribute”，因为所有输出文件相对于输入文件而言都是最新的。
       ClCompile:
         所有输出均为最新。
         所有输出均为最新。
         所有输出均为最新。
       CoreResGen:
         没有相对于源文件而言已过期的资源。正在跳过资源生成操作。
       ResourceCompile:
         所有输出均为最新。
       Link:
         所有输出均为最新。
         VisualStudy.vcxproj -> C:\Users\a\Documents\GitHub\VisualStudy\Debug\VisualStudy.exe
       GenerateSatelliteAssemblies:
       正在跳过目标“GenerateSatelliteAssemblies”，因为所有输出文件相对于输入文件而言都是最新的。
       FinalizeBuildStatus:
         正在删除文件“Debug\VisualStudy.unsuccessfulbuild”。
         正在对“Debug\VisualStudy.lastbuildstate”执行 Touch 任务。
     1>已完成生成项目“C:\Users\a\Documents\GitHub\VisualStudy\VisualStudy\VisualStudy.vcxproj”(build 个目标)的操作。

生成成功。

已用时间 00:00:00.15
